2021-11-18 09:29:29,878 INFO  Logger.cs: 70 - 
--------------------------------------------------------------------------------
2021-11-18 09:29:29,906 INFO  Logger.cs: 71 - Logging commencing for SW2URDF exporter
2021-11-18 09:29:29,912 INFO  Logger.cs: 73 - Commit version 1.6.0-1-g15f4949
2021-11-18 09:29:29,914 INFO  Logger.cs: 74 - Build version 1.6.7594.29634
2021-11-18 09:29:29,917 INFO  SwAddin.cs: 192 - Attempting to connect to SW
2021-11-18 09:29:29,919 INFO  SwAddin.cs: 197 - Setting up callbacks
2021-11-18 09:29:29,921 INFO  SwAddin.cs: 201 - Setting up command manager
2021-11-18 09:29:29,937 INFO  SwAddin.cs: 204 - Adding command manager
2021-11-18 09:29:29,941 INFO  SwAddin.cs: 263 - Adding Assembly export to file menu
2021-11-18 09:29:29,944 INFO  SwAddin.cs: 272 - Adding Part export to file menu
2021-11-18 09:29:29,945 INFO  SwAddin.cs: 210 - Adding event handlers
2021-11-18 09:29:29,950 INFO  SwAddin.cs: 217 - Connecting plugin to SolidWorks
2021-11-18 09:30:26,595 INFO  SwAddin.cs: 294 - Assembly export called for file Assem1
2021-11-18 09:30:26,614 INFO  SwAddin.cs: 299 - Save is required
2021-11-18 09:30:26,616 INFO  SwAddin.cs: 313 - Saving assembly
2021-11-18 09:30:26,619 INFO  SwAddin.cs: 316 - Opening property manager
2021-11-18 09:30:26,632 INFO  ExportHelperExtension.cs: 1125 - Retrieving features of type [CoordSys] from Assem1
2021-11-18 09:30:26,637 INFO  ExportHelperExtension.cs: 1136 - Found 24 in Assem1
2021-11-18 09:30:26,645 INFO  ExportHelperExtension.cs: 1145 - Found 1 features of type [CoordSys] in Assem1
2021-11-18 09:30:26,647 INFO  ExportHelperExtension.cs: 1148 - Proceeding through assembly components
2021-11-18 09:30:26,656 INFO  ExportHelperExtension.cs: 1160 - 1 components to check
2021-11-18 09:30:26,660 INFO  ExportHelperExtension.cs: 1125 - Retrieving features of type [CoordSys] from building_02-1
2021-11-18 09:30:26,661 INFO  ExportHelperExtension.cs: 1136 - Found 26 in building_02-1
2021-11-18 09:30:26,666 INFO  ExportHelperExtension.cs: 1145 - Found 1 features of type [CoordSys] in building_02-1
2021-11-18 09:30:26,668 INFO  ExportHelperExtension.cs: 1125 - Retrieving features of type [RefAxis] from Assem1
2021-11-18 09:30:26,670 INFO  ExportHelperExtension.cs: 1136 - Found 24 in Assem1
2021-11-18 09:30:26,672 INFO  ExportHelperExtension.cs: 1145 - Found 0 features of type [RefAxis] in Assem1
2021-11-18 09:30:26,674 INFO  ExportHelperExtension.cs: 1148 - Proceeding through assembly components
2021-11-18 09:30:26,676 INFO  ExportHelperExtension.cs: 1160 - 1 components to check
2021-11-18 09:30:26,678 INFO  ExportHelperExtension.cs: 1125 - Retrieving features of type [RefAxis] from building_02-1
2021-11-18 09:30:26,679 INFO  ExportHelperExtension.cs: 1136 - Found 26 in building_02-1
2021-11-18 09:30:26,681 INFO  ExportHelperExtension.cs: 1145 - Found 0 features of type [RefAxis] in building_02-1
2021-11-18 09:30:26,858 INFO  SwAddin.cs: 339 - Loading config tree
2021-11-18 09:30:26,863 INFO  ExportPropertyManagerExtension.cs: 520 - Starting new configuration
2021-11-18 09:30:26,867 INFO  SwAddin.cs: 344 - Showing property manager
2021-11-18 09:30:37,294 INFO  ExportPropertyManager.cs: 416 - Configuration canceled
2021-11-18 09:30:37,343 INFO  ExportPropertyManager.cs: 1142 - AfterClose called. This method no longer throws an Exception. It just silently does nothing. Ok, except for this logging message
2021-11-18 09:30:46,898 INFO  SwAddin.cs: 294 - Assembly export called for file Assem1
2021-11-18 09:30:46,899 INFO  SwAddin.cs: 299 - Save is required
2021-11-18 09:30:46,900 INFO  SwAddin.cs: 313 - Saving assembly
2021-11-18 09:30:46,901 INFO  SwAddin.cs: 316 - Opening property manager
2021-11-18 09:30:46,903 INFO  ExportHelperExtension.cs: 1125 - Retrieving features of type [CoordSys] from Assem1
2021-11-18 09:30:46,904 INFO  ExportHelperExtension.cs: 1136 - Found 24 in Assem1
2021-11-18 09:30:46,905 INFO  ExportHelperExtension.cs: 1145 - Found 1 features of type [CoordSys] in Assem1
2021-11-18 09:30:46,906 INFO  ExportHelperExtension.cs: 1148 - Proceeding through assembly components
2021-11-18 09:30:46,909 INFO  ExportHelperExtension.cs: 1160 - 1 components to check
2021-11-18 09:30:46,910 INFO  ExportHelperExtension.cs: 1125 - Retrieving features of type [CoordSys] from building_02-1
2021-11-18 09:30:46,913 INFO  ExportHelperExtension.cs: 1136 - Found 26 in building_02-1
2021-11-18 09:30:46,914 INFO  ExportHelperExtension.cs: 1145 - Found 1 features of type [CoordSys] in building_02-1
2021-11-18 09:30:46,916 INFO  ExportHelperExtension.cs: 1125 - Retrieving features of type [RefAxis] from Assem1
2021-11-18 09:30:46,917 INFO  ExportHelperExtension.cs: 1136 - Found 24 in Assem1
2021-11-18 09:30:46,918 INFO  ExportHelperExtension.cs: 1145 - Found 0 features of type [RefAxis] in Assem1
2021-11-18 09:30:46,920 INFO  ExportHelperExtension.cs: 1148 - Proceeding through assembly components
2021-11-18 09:30:46,922 INFO  ExportHelperExtension.cs: 1160 - 1 components to check
2021-11-18 09:30:46,923 INFO  ExportHelperExtension.cs: 1125 - Retrieving features of type [RefAxis] from building_02-1
2021-11-18 09:30:46,925 INFO  ExportHelperExtension.cs: 1136 - Found 26 in building_02-1
2021-11-18 09:30:46,926 INFO  ExportHelperExtension.cs: 1145 - Found 0 features of type [RefAxis] in building_02-1
2021-11-18 09:30:46,976 INFO  SwAddin.cs: 339 - Loading config tree
2021-11-18 09:30:46,978 INFO  ExportPropertyManagerExtension.cs: 520 - Starting new configuration
2021-11-18 09:30:46,981 INFO  SwAddin.cs: 344 - Showing property manager
2021-11-18 09:30:56,995 INFO  ExportPropertyManager.cs: 1018 - OnComboboxSelectionChanged called. This method no longer throws an Exception. It just silently does nothing. Ok, except for this logging message
2021-11-18 09:30:58,579 INFO  ExportPropertyManager.cs: 422 - Configuration saved
2021-11-18 09:30:58,922 INFO  ExportHelperExtension.cs: 1125 - Retrieving features of type [CoordSys] from Assem1
2021-11-18 09:30:58,925 INFO  ExportHelperExtension.cs: 1136 - Found 25 in Assem1
2021-11-18 09:30:58,927 INFO  ExportHelperExtension.cs: 1145 - Found 1 features of type [CoordSys] in Assem1
2021-11-18 09:30:58,929 INFO  ExportHelperExtension.cs: 1148 - Proceeding through assembly components
2021-11-18 09:30:58,931 INFO  ExportHelperExtension.cs: 1160 - 1 components to check
2021-11-18 09:30:58,932 INFO  ExportHelperExtension.cs: 1125 - Retrieving features of type [CoordSys] from building_02-1
2021-11-18 09:30:58,934 INFO  ExportHelperExtension.cs: 1136 - Found 26 in building_02-1
2021-11-18 09:30:58,936 INFO  ExportHelperExtension.cs: 1145 - Found 1 features of type [CoordSys] in building_02-1
2021-11-18 09:30:58,937 INFO  ExportHelperExtension.cs: 1125 - Retrieving features of type [RefAxis] from Assem1
2021-11-18 09:30:58,939 INFO  ExportHelperExtension.cs: 1136 - Found 25 in Assem1
2021-11-18 09:30:58,941 INFO  ExportHelperExtension.cs: 1145 - Found 0 features of type [RefAxis] in Assem1
2021-11-18 09:30:58,943 INFO  ExportHelperExtension.cs: 1148 - Proceeding through assembly components
2021-11-18 09:30:58,944 INFO  ExportHelperExtension.cs: 1160 - 1 components to check
2021-11-18 09:30:58,945 INFO  ExportHelperExtension.cs: 1125 - Retrieving features of type [RefAxis] from building_02-1
2021-11-18 09:30:58,946 INFO  ExportHelperExtension.cs: 1136 - Found 26 in building_02-1
2021-11-18 09:30:58,948 INFO  ExportHelperExtension.cs: 1145 - Found 0 features of type [RefAxis] in building_02-1
2021-11-18 09:30:59,027 INFO  ExportPropertyManager.cs: 1142 - AfterClose called. This method no longer throws an Exception. It just silently does nothing. Ok, except for this logging message
2021-11-18 09:31:00,624 INFO  AssemblyExportForm.cs: 253 - Completing URDF export
2021-11-18 09:31:00,627 INFO  ConfigurationSerialization.cs: 276 - URDF Configuration found
<Link z:Id="i1" xmlns="http://schemas.datacontract.org/2004/07/SW2URDF" xmlns:i="http://www.w3.org/2001/XMLSchema-instance" xmlns:z="http://schemas.microsoft.com/2003/10/Serialization/"><Attributes><Attribute z:Id="i2"><AttributeType>name</AttributeType><IsRequired>true</IsRequired><Value i:type="a:string" xmlns:a="http://www.w3.org/2001/XMLSchema">base_link</Value></Attribute></Attributes><ChildElements><URDFElement z:Id="i3" i:type="Inertial"><Attributes/><ChildElements><URDFElement z:Id="i4" i:type="Origin"><Attributes><Attribute z:Id="i5"><AttributeType>xyz</AttributeType><IsRequired>true</IsRequired><Value i:type="a:ArrayOfdouble" xmlns:a="http://schemas.microsoft.com/2003/10/Serialization/Arrays"><a:double>0</a:double><a:double>0</a:double><a:double>0</a:double></Value></Attribute><Attribute z:Id="i6"><AttributeType>rpy</AttributeType><IsRequired>true</IsRequired><Value i:type="a:ArrayOfdouble" xmlns:a="http://schemas.microsoft.com/2003/10/Serialization/Arrays"><a:double>0</a:double><a:double>0</a:double><a:double>0</a:double></Value></Attribute></Attributes><ChildElements/><ElementName>origin</ElementName><required>false</required><RPYAttribute z:Ref="i6"/><XYZAttribute z:Ref="i5"/><isCustomized>false</isCustomized></URDFElement><URDFElement z:Id="i7" i:type="Mass"><Attributes><Attribute z:Id="i8"><AttributeType>value</AttributeType><IsRequired>true</IsRequired><Value i:type="a:double" xmlns:a="http://www.w3.org/2001/XMLSchema">0</Value></Attribute></Attributes><ChildElements/><ElementName>mass</ElementName><required>false</required><ValueAttribute z:Ref="i8"/></URDFElement><URDFElement z:Id="i9" i:type="Inertia"><Attributes><Attribute z:Id="i10"><AttributeType>ixx</AttributeType><IsRequired>true</IsRequired><Value i:type="a:double" xmlns:a="http://www.w3.org/2001/XMLSchema">0</Value></Attribute><Attribute z:Id="i11"><AttributeType>ixy</AttributeType><IsRequired>true</IsRequired><Value i:type="a:double" xmlns:a="http://www.w3.org/2001/XMLSchema">0</Value></Attribute><Attribute z:Id="i12"><AttributeType>ixz</AttributeType><IsRequired>true</IsRequired><Value i:type="a:double" xmlns:a="http://www.w3.org/2001/XMLSchema">0</Value></Attribute><Attribute z:Id="i13"><AttributeType>iyy</AttributeType><IsRequired>true</IsRequired><Value i:type="a:double" xmlns:a="http://www.w3.org/2001/XMLSchema">0</Value></Attribute><Attribute z:Id="i14"><AttributeType>iyz</AttributeType><IsRequired>true</IsRequired><Value i:type="a:double" xmlns:a="http://www.w3.org/2001/XMLSchema">0</Value></Attribute><Attribute z:Id="i15"><AttributeType>izz</AttributeType><IsRequired>true</IsRequired><Value i:type="a:double" xmlns:a="http://www.w3.org/2001/XMLSchema">0</Value></Attribute></Attributes><ChildElements/><ElementName>inertia</ElementName><required>false</required><IxxAttribute z:Ref="i10"/><IxyAttribute z:Ref="i11"/><IxzAttribute z:Ref="i12"/><IyyAttribute z:Ref="i13"/><IyzAttribute z:Ref="i14"/><IzzAttribute z:Ref="i15"/></URDFElement></ChildElements><ElementName>inertial</ElementName><required>false</required><Inertia z:Ref="i9"/><Mass z:Ref="i7"/><Origin z:Ref="i4"/></URDFElement><URDFElement z:Id="i16" i:type="Visual"><Attributes/><ChildElements><URDFElement z:Id="i17" i:type="Origin"><Attributes><Attribute z:Id="i18"><AttributeType>xyz</AttributeType><IsRequired>true</IsRequired><Value i:type="a:ArrayOfdouble" xmlns:a="http://schemas.microsoft.com/2003/10/Serialization/Arrays"><a:double>0</a:double><a:double>0</a:double><a:double>0</a:double></Value></Attribute><Attribute z:Id="i19"><AttributeType>rpy</AttributeType><IsRequired>true</IsRequired><Value i:type="a:ArrayOfdouble" xmlns:a="http://schemas.microsoft.com/2003/10/Serialization/Arrays"><a:double>0</a:double><a:double>0</a:double><a:double>0</a:double></Value></Attribute></Attributes><ChildElements/><ElementName>origin</ElementName><required>false</required><RPYAttribute z:Ref="i19"/><XYZAttribute z:Ref="i18"/><isCustomized>false</isCustomized></URDFElement><URDFElement z:Id="i20" i:type="Geometry"><Attributes/><ChildElements><URDFElement z:Id="i21" i:type="Mesh"><Attributes><Attribute z:Id="i22"><AttributeType>filename</AttributeType><IsRequired>true</IsRequired><Value i:nil="true"/></Attribute></Attributes><ChildElements/><ElementName>mesh</ElementName><required>false</required><FilenameAttribute z:Ref="i22"/></URDFElement></ChildElements><ElementName>geometry</ElementName><required>true</required><Mesh z:Ref="i21"/></URDFElement><URDFElement z:Id="i23" i:type="Material"><Attributes><Attribute z:Id="i24"><AttributeType>name</AttributeType><IsRequired>true</IsRequired><Value i:type="a:string" xmlns:a="http://www.w3.org/2001/XMLSchema"/></Attribute></Attributes><ChildElements><URDFElement z:Id="i25" i:type="Color"><Attributes><Attribute z:Id="i26"><AttributeType>rgba</AttributeType><IsRequired>true</IsRequired><Value i:type="a:ArrayOfdouble" xmlns:a="http://schemas.microsoft.com/2003/10/Serialization/Arrays"><a:double>1</a:double><a:double>1</a:double><a:double>1</a:double><a:double>1</a:double></Value></Attribute></Attributes><ChildElements/><ElementName>color</ElementName><required>false</required><RGBAAttribute z:Ref="i26"/></URDFElement><URDFElement z:Id="i27" i:type="Texture"><Attributes><Attribute z:Id="i28"><AttributeType>filename</AttributeType><IsRequired>true</IsRequired><Value i:nil="true"/></Attribute></Attributes><ChildElements/><ElementName>texture</ElementName><required>false</required><FilenameAttribute z:Ref="i28"/><wFilename/></URDFElement></ChildElements><ElementName>material</ElementName><required>false</required><Color z:Ref="i25"/><NameAttribute z:Ref="i24"/><Texture z:Ref="i27"/></URDFElement></ChildElements><ElementName>visual</ElementName><required>false</required><Geometry z:Ref="i20"/><Material z:Ref="i23"/><Origin z:Ref="i17"/></URDFElement><URDFElement z:Id="i29" i:type="Collision"><Attributes/><ChildElements><URDFElement z:Id="i30" i:type="Origin"><Attributes><Attribute z:Id="i31"><AttributeType>xyz</AttributeType><IsRequired>true</IsRequired><Value i:type="a:ArrayOfdouble" xmlns:a="http://schemas.microsoft.com/2003/10/Serialization/Arrays"><a:double>0</a:double><a:double>0</a:double><a:double>0</a:double></Value></Attribute><Attribute z:Id="i32"><AttributeType>rpy</AttributeType><IsRequired>true</IsRequired><Value i:type="a:ArrayOfdouble" xmlns:a="http://schemas.microsoft.com/2003/10/Serialization/Arrays"><a:double>0</a:double><a:double>0</a:double><a:double>0</a:double></Value></Attribute></Attributes><ChildElements/><ElementName>origin</ElementName><required>false</required><RPYAttribute z:Ref="i32"/><XYZAttribute z:Ref="i31"/><isCustomized>false</isCustomized></URDFElement><URDFElement z:Id="i33" i:type="Geometry"><Attributes/><ChildElements><URDFElement z:Id="i34" i:type="Mesh"><Attributes><Attribute z:Id="i35"><AttributeType>filename</AttributeType><IsRequired>true</IsRequired><Value i:nil="true"/></Attribute></Attributes><ChildElements/><ElementName>mesh</ElementName><required>false</required><FilenameAttribute z:Ref="i35"/></URDFElement></ChildElements><ElementName>geometry</ElementName><required>true</required><Mesh z:Ref="i34"/></URDFElement></ChildElements><ElementName>collision</ElementName><required>false</required><Geometry z:Ref="i33"/><Origin z:Ref="i30"/></URDFElement><URDFElement z:Id="i36" i:type="Joint"><Attributes><Attribute z:Id="i37"><AttributeType>name</AttributeType><IsRequired>true</IsRequired><Value i:type="a:string" xmlns:a="http://www.w3.org/2001/XMLSchema"/></Attribute><Attribute z:Id="i38"><AttributeType>type</AttributeType><IsRequired>true</IsRequired><Value i:type="a:string" xmlns:a="http://www.w3.org/2001/XMLSchema"/></Attribute></Attributes><ChildElements><URDFElement z:Id="i39" i:type="Origin"><Attributes><Attribute z:Id="i40"><AttributeType>xyz</AttributeType><IsRequired>true</IsRequired><Value i:type="a:ArrayOfdouble" xmlns:a="http://schemas.microsoft.com/2003/10/Serialization/Arrays"><a:double>0</a:double><a:double>0</a:double><a:double>0</a:double></Value></Attribute><Attribute z:Id="i41"><AttributeType>rpy</AttributeType><IsRequired>true</IsRequired><Value i:type="a:ArrayOfdouble" xmlns:a="http://schemas.microsoft.com/2003/10/Serialization/Arrays"><a:double>0</a:double><a:double>0</a:double><a:double>0</a:double></Value></Attribute></Attributes><ChildElements/><ElementName>origin</ElementName><required>false</required><RPYAttribute z:Ref="i41"/><XYZAttribute z:Ref="i40"/><isCustomized>false</isCustomized></URDFElement><URDFElement z:Id="i42" i:type="ParentLink"><Attributes><Attribute z:Id="i43"><AttributeType>link</AttributeType><IsRequired>true</IsRequired><Value i:type="a:string" xmlns:a="http://www.w3.org/2001/XMLSchema"/></Attribute></Attributes><ChildElements/><ElementName>parent</ElementName><required>true</required><NameAttribute z:Ref="i43"/></URDFElement><URDFElement z:Id="i44" i:type="ChildLink"><Attributes><Attribute z:Id="i45"><AttributeType>link</AttributeType><IsRequired>true</IsRequired><Value i:type="a:string" xmlns:a="http://www.w3.org/2001/XMLSchema"/></Attribute></Attributes><ChildElements/><ElementName>child</ElementName><required>true</required><NameAttribute z:Ref="i45"/></URDFElement><URDFElement z:Id="i46" i:type="Axis"><Attributes><Attribute z:Id="i47"><AttributeType>xyz</AttributeType><IsRequired>true</IsRequired><Value i:type="a:ArrayOfdouble" xmlns:a="http://schemas.microsoft.com/2003/10/Serialization/Arrays"><a:double>0</a:double><a:double>0</a:double><a:double>0</a:double></Value></Attribute></Attributes><ChildElements/><ElementName>axis</ElementName><required>false</required><XYZAttribute z:Ref="i47"/></URDFElement><URDFElement z:Id="i48" i:type="Limit"><Attributes><Attribute z:Id="i49"><AttributeType>lower</AttributeType><IsRequired>false</IsRequired><Value i:nil="true"/></Attribute><Attribute z:Id="i50"><AttributeType>upper</AttributeType><IsRequired>false</IsRequired><Value i:nil="true"/></Attribute><Attribute z:Id="i51"><AttributeType>effort</AttributeType><IsRequired>true</IsRequired><Value i:nil="true"/></Attribute><Attribute z:Id="i52"><AttributeType>velocity</AttributeType><IsRequired>true</IsRequired><Value i:nil="true"/></Attribute></Attributes><ChildElements/><ElementName>limit</ElementName><required>false</required><EffortAttribute z:Ref="i51"/><LowerAttribute z:Ref="i49"/><UpperAttribute z:Ref="i50"/><VelocityAttribute z:Ref="i52"/></URDFElement><URDFElement z:Id="i53" i:type="Calibration"><Attributes><Attribute z:Id="i54"><AttributeType>rising</AttributeType><IsRequired>false</IsRequired><Value i:nil="true"/></Attribute><Attribute z:Id="i55"><AttributeType>falling</AttributeType><IsRequired>false</IsRequired><Value i:nil="true"/></Attribute></Attributes><ChildElements/><ElementName>calibration</ElementName><required>false</required><FallingAttribute z:Ref="i55"/><RisingAttribute z:Ref="i54"/></URDFElement><URDFElement z:Id="i56" i:type="Dynamics"><Attributes><Attribute z:Id="i57"><AttributeType>damping</AttributeType><IsRequired>false</IsRequired><Value i:nil="true"/></Attribute><Attribute z:Id="i58"><AttributeType>friction</AttributeType><IsRequired>false</IsRequired><Value i:nil="true"/></Attribute></Attributes><ChildElements/><ElementName>dynamics</ElementName><required>false</required><DampingAttribute z:Ref="i57"/><FrictionAttribute z:Ref="i58"/></URDFElement><URDFElement z:Id="i59" i:type="SafetyController"><Attributes><Attribute z:Id="i60"><AttributeType>soft_upper</AttributeType><IsRequired>false</IsRequired><Value i:nil="true"/></Attribute><Attribute z:Id="i61"><AttributeType>soft_lower</AttributeType><IsRequired>false</IsRequired><Value i:nil="true"/></Attribute><Attribute z:Id="i62"><AttributeType>k_position</AttributeType><IsRequired>false</IsRequired><Value i:nil="true"/></Attribute><Attribute z:Id="i63"><AttributeType>k_velocity</AttributeType><IsRequired>true</IsRequired><Value i:nil="true"/></Attribute></Attributes><ChildElements/><ElementName>safety_controller</ElementName><required>false</required><KPositionAttribute z:Ref="i62"/><KVelocityAttribute z:Ref="i63"/><SoftLowerAttribute z:Ref="i61"/><SoftUpperAttribute z:Ref="i60"/></URDFElement><URDFElement z:Id="i64" i:type="Mimic"><Attributes><Attribute z:Id="i65"><AttributeType>joint</AttributeType><IsRequired>true</IsRequired><Value i:nil="true"/></Attribute><Attribute z:Id="i66"><AttributeType>multiplier</AttributeType><IsRequired>false</IsRequired><Value i:nil="true"/></Attribute><Attribute z:Id="i67"><AttributeType>offset</AttributeType><IsRequired>false</IsRequired><Value i:nil="true"/></Attribute></Attributes><ChildElements/><ElementName>mimic</ElementName><required>false</required><JointNameAttribute z:Ref="i65"/><MultiplierAttribute z:Ref="i66"/><OffsetAttribute z:Ref="i67"/></URDFElement></ChildElements><ElementName>joint</ElementName><required>false</required><Axis z:Ref="i46"/><AxisName/><Calibration z:Ref="i53"/><Child z:Ref="i44"/><CoordinateSystemName>Coordinate System1</CoordinateSystemName><Dynamics z:Ref="i56"/><Limit z:Ref="i48"/><Mimic z:Ref="i64"/><NameAttribute z:Ref="i37"/><Origin z:Ref="i39"/><Parent z:Ref="i42"/><Safety z:Ref="i59"/><TypeAttribute z:Ref="i38"/></URDFElement></ChildElements><ElementName>link</ElementName><required>true</required><Children/><Collision z:Ref="i29"/><Inertial z:Ref="i3"/><Joint z:Ref="i36"/><NameAttribute z:Ref="i2"/><Parent i:nil="true"/><STLQualityFine>false</STLQualityFine><SWComponentPIDs xmlns:a="http://schemas.microsoft.com/2003/10/Serialization/Arrays"><a:base64Binary>yDIAAAUAAAD//v8UYgB1AGkAbABkAGkAbgBnAF8AMAAyAC0AMQBAAEEAcwBzAGUAbQAxAAQAAAAQAAAAAQAAAAEAAAAYAAAA</a:base64Binary></SWComponentPIDs><SWMainComponentPID i:nil="true"/><Visual z:Ref="i16"/><isFixedFrame>false</isFixedFrame><isIncomplete>false</isIncomplete></Link>
2021-11-18 09:31:13,020 INFO  AssemblyExportForm.cs: 309 - Saving URDF package to C:\Users\mksuen\Desktop\building_02
2021-11-18 09:31:13,023 INFO  ExportHelper.cs: 147 - Beginning the export process
2021-11-18 09:31:13,026 INFO  ExportHelper.cs: 153 - Creating package directories with name building_02 and save path C:\Users\mksuen\Desktop
2021-11-18 09:31:14,181 INFO  ExportHelper.cs: 162 - Creating CMakeLists.txt at C:\Users\mksuen\Desktop\building_02\CMakeLists.txt
2021-11-18 09:31:14,184 INFO  ExportHelper.cs: 166 - Creating joint names config at C:\Users\mksuen\Desktop\building_02\config\joint_names_building_02.yaml
2021-11-18 09:31:14,186 INFO  ExportHelper.cs: 170 - Creating package.xml at C:\Users\mksuen\Desktop\building_02\package.xml
2021-11-18 09:31:14,188 INFO  PackageXMLWriter.cs: 21 - Creating package.xml at C:\Users\mksuen\Desktop\building_02\package.xml
2021-11-18 09:31:14,192 INFO  ExportHelper.cs: 177 - Creating RVIZ launch file in C:\Users\mksuen\Desktop\building_02\launch\
2021-11-18 09:31:14,196 INFO  ExportHelper.cs: 182 - Creating Gazebo launch file in C:\Users\mksuen\Desktop\building_02\launch\
2021-11-18 09:31:14,198 INFO  ExportHelper.cs: 187 - Saving existing STL preferences
2021-11-18 09:31:14,199 INFO  ExportHelper.cs: 450 - Saving users preferences
2021-11-18 09:31:14,200 INFO  ExportHelper.cs: 190 - Modifying STL preferences
2021-11-18 09:31:14,202 INFO  ExportHelper.cs: 464 - Setting STL preferences
2021-11-18 09:31:14,208 INFO  ExportHelper.cs: 196 - Found 0 hidden components 
2021-11-18 09:31:14,210 INFO  ExportHelper.cs: 197 - Hiding all components
2021-11-18 09:31:14,238 INFO  ExportHelper.cs: 204 - Beginning individual files export
2021-11-18 09:31:14,245 INFO  ExportHelper.cs: 270 - Exporting link: base_link
2021-11-18 09:31:14,246 INFO  ExportHelper.cs: 272 - Link base_link has 0 children
2021-11-18 09:31:14,248 INFO  ExportHelper.cs: 317 - base_link: Exporting STL with coordinate frame Coordinate System1
2021-11-18 09:31:14,249 INFO  ExportHelper.cs: 322 - base_link: Reference geometry name 
2021-11-18 09:31:14,305 INFO  ExportHelper.cs: 330 - Saving STL to C:\Users\mksuen\Desktop\building_02\meshes\base_link.STL
2021-11-18 09:31:14,354 INFO  ExportHelper.cs: 405 - Removing SW header in STL file
2021-11-18 09:31:14,356 INFO  ExportHelper.cs: 145 - Showing all components except previously hidden components
2021-11-18 09:31:14,568 INFO  ExportHelper.cs: 145 - Resetting STL preferences
2021-11-18 09:31:14,571 INFO  ExportHelper.cs: 478 - Returning STL preferences to user preferences
2021-11-18 09:31:14,572 INFO  ExportHelper.cs: 228 - Writing URDF file to C:\Users\mksuen\Desktop\building_02\urdf\building_02.urdf
2021-11-18 09:31:14,586 INFO  CSVImportExport.cs: 32 - Writing CSV file C:\Users\mksuen\Desktop\building_02\urdf\building_02.csv
2021-11-18 09:31:14,621 ERROR CSVImportExport.cs: 130 - The following columns were not written to the CSV: Link.Joint.ChildLink.link,
2021-11-18 09:31:14,623 INFO  ExportHelper.cs: 234 - Copying log file
2021-11-18 09:31:14,634 INFO  ExportHelper.cs: 439 - Copying P:\sw2urdf_logs\sw2urdf.log to C:\Users\mksuen\Desktop\building_02\export.log
